
============================== Starting task: t01 ==============================
Do you have the Nut Bolt and Washer from Heco in the Heco Zinc Plated HECO 3DW-64B Nut Bolt and Washer line that has fastener type threaded rod in catalogue?
--------------------------------------------------------------------------------

[prephase] Starting pre-phase exploration
[prephase] read /AGENTS.MD: ok
[prephase] /bin/sql .schema: ok
[prephase] schema_digest: 4 tables
[prephase] done

[pipeline] cycle=1/3
[pipeline] SQL_PLAN: 2 queries
[pipeline] SCHEMA gate blocked: unverified literal: 'Heco' — run discovery first
[pipeline] LEARN: rule added to session, retrying

[pipeline] cycle=2/3
[pipeline] SQL_PLAN: 3 queries
[pipeline] EXECUTE: "SELECT DISTINCT brand FROM products WHERE brand LIKE '%Heco%" → brand
Heco

[pipeline] EXECUTE: "SELECT DISTINCT model FROM products WHERE brand LIKE '%Heco%" → model
HECO 3DW-64B

[pipeline] EXECUTE: 'SELECT DISTINCT value_text FROM product_properties WHERE key' → value_text
bolt
threaded rod

[pipeline] ANSWER: OUTCOME_OK — The Heco Zinc Plated HECO 3DW-64B Nut Bolt and Washer line with fastener type threaded rod appears t
[t01] Score: 0.00 | 65.0s | in 7,499 / out 1,479 tok | lookup | minimax-m2.7:cloud
  answer missing required reference '/proc/catalog/FST-2JPIIG2S.json'
