
============================== Starting task: t03 ==============================
Do you have the Engine Oil from Castrol in the Castrol All Season GTX 3PP-ZPA Engine Oil line that has volume 250 ml and viscosity 5W-40 in catalogue?
--------------------------------------------------------------------------------

[prephase] Starting pre-phase exploration
[prephase] read /AGENTS.MD: ok
[prephase] /bin/sql .schema: ok
[prephase] schema_digest: 4 tables
[prephase] done

[pipeline] cycle=1/3
[pipeline] SQL_PLAN: 2 queries
[pipeline] SCHEMA gate blocked: unverified literal: 'Castrol' — run discovery first
[pipeline] LEARN: rule added to session, retrying

[pipeline] cycle=2/3
[pipeline] SQL_PLAN: 3 queries
[pipeline] SCHEMA gate blocked: unverified literal: 'Castrol' — run discovery first
[pipeline] LEARN: rule added to session, retrying

[pipeline] cycle=3/3
[pipeline] SQL_PLAN: 3 queries
[pipeline] SCHEMA gate blocked: unverified literal: 'Castrol' — run discovery first
[pipeline] LEARN: rule added to session, retrying
[pipeline] All 3 cycles exhausted — clarification
[t03] Score: 0.00 | 100.6s | in 8,378 / out 986 tok | lookup | minimax-m2.7:cloud
  expected outcome OUTCOME_OK, got OUTCOME_NONE_CLARIFICATION
