
============================== Starting task: t04 ==============================
Do you have the Cleaning Machine from Karcher in the Karcher Workshop SC 26M-E6L Cleaning Machine line that has machine type wet dry vacuum, power 1000 W, and tank volume 5 l in catalogue?
--------------------------------------------------------------------------------

[prephase] Starting pre-phase exploration
[prephase] read /AGENTS.MD: ok
[prephase] /bin/sql .schema: ok
[prephase] schema_digest: 4 tables
[prephase] done

[pipeline] cycle=1/3
[pipeline] SQL_PLAN: 2 queries
[pipeline] SCHEMA gate blocked: unverified literal: 'Karcher' — run discovery first
[pipeline] LEARN: rule added to session, retrying

[pipeline] cycle=2/3
[pipeline] SQL_PLAN: 3 queries
[pipeline] EXECUTE: "SELECT DISTINCT brand FROM products WHERE brand ILIKE '%Karc" → 
[pipeline] EXECUTE: "SELECT DISTINCT name FROM product_kinds WHERE name ILIKE '%w" → 
[pipeline] EXECUTE: "SELECT DISTINCT name FROM product_kinds WHERE name ILIKE '%c" → 
[pipeline] EXECUTE failed: Empty result set: 
[pipeline] LEARN: rule added to session, retrying

[pipeline] cycle=3/3
[pipeline] SQL_PLAN: 1 queries
[pipeline] EXECUTE: "SELECT DISTINCT brand FROM products WHERE brand ILIKE '%kar%" → 
[pipeline] EXECUTE failed: Empty result set: 
[pipeline] LEARN: rule added to session, retrying
[pipeline] All 3 cycles exhausted — clarification
[t04] Score: 0.00 | 86.4s | in 8,824 / out 918 tok | lookup | minimax-m2.7:cloud
  expected outcome OUTCOME_OK, got OUTCOME_NONE_CLARIFICATION
