
============================== Starting task: t05 ==============================
Do you have the Tool Box and Bag from Festool in the Festool Stackable SYS 3JJ-9LM Tool Box and Bag line that has storage type tool bag and supports voice control in catalogue?
--------------------------------------------------------------------------------

[prephase] Starting pre-phase exploration
[prephase] read /AGENTS.MD: ok
[prephase] /bin/sql .schema: ok
[prephase] schema_digest: 4 tables
[prephase] done

[pipeline] cycle=1/3
[pipeline] SQL_PLAN: 2 queries
[pipeline] SCHEMA gate blocked: unverified literal: 'Festool' — run discovery first

[pipeline] cycle=2/3
[pipeline] SQL_PLAN: 1 queries
[pipeline] SCHEMA gate blocked: unverified literal: 'Festool' — run discovery first
[pipeline] LEARN: rule added to session, retrying

[pipeline] cycle=3/3
[pipeline] SQL_PLAN: 3 queries
[pipeline] SCHEMA gate blocked: unverified literal: 'Festool' — run discovery first
[pipeline] LEARN: rule added to session, retrying
[pipeline] All 3 cycles exhausted — clarification
[t05] Score: 0.00 | 68.6s | in 8,646 / out 938 tok | lookup | minimax-m2.7:cloud
  expected outcome OUTCOME_OK, got OUTCOME_NONE_CLARIFICATION
