
============================== Starting task: t06 ==============================
Do you have the Anchor and Wall Plug from Fischer in the Fischer SX SX 7UY-G03 Anchor and Wall Plug line that has anchor type concrete anchor and diameter 6 mm and is wifi-enabled in catalogue?
--------------------------------------------------------------------------------

[prephase] Starting pre-phase exploration
[prephase] read /AGENTS.MD: ok
[prephase] /bin/sql .schema: ok
[prephase] schema_digest: 4 tables
[prephase] done

[pipeline] cycle=1/3
[pipeline] SQL_PLAN: 3 queries
[pipeline] SCHEMA gate blocked: unverified literal: 'Fischer' — run discovery first
[pipeline] LEARN: rule added to session, retrying

[pipeline] cycle=2/3
[pipeline] SQL_PLAN: 2 queries
[pipeline] EXECUTE: "SELECT DISTINCT brand FROM products WHERE brand ILIKE '%Fisc" → 
[pipeline] EXECUTE: 'SELECT DISTINCT key FROM product_properties WHERE key ILIKE ' → 
[pipeline] EXECUTE failed: Empty result set: 

[pipeline] cycle=3/3
[pipeline] SQL_PLAN: 3 queries
[pipeline] SECURITY gate blocked: [sec-002] Full table scan prohibited — add WHERE clause: SELECT DISTINCT key FROM product_properties LIMIT 50
[pipeline] LEARN: rule added to session, retrying
[pipeline] All 3 cycles exhausted — clarification
[t06] Score: 0.00 | 94.5s | in 8,298 / out 1,000 tok | lookup | minimax-m2.7:cloud
  expected outcome OUTCOME_OK, got OUTCOME_NONE_CLARIFICATION
