
============================== Starting task: t07 ==============================
Do you have the Screwdriver and Hex Key Set from Wera in the Wera Kraftform WE 114-C1B Screwdriver and Hex Key Set line that has tool profile pozidriv and piece count 12 pcs and has built-in GPS tracking in catalogue?
--------------------------------------------------------------------------------

[prephase] Starting pre-phase exploration
[prephase] read /AGENTS.MD: ok
[prephase] /bin/sql .schema: ok
[prephase] schema_digest: 4 tables
[prephase] done

[pipeline] cycle=1/3
[pipeline] SQL_PLAN: 2 queries
[pipeline] SCHEMA gate blocked: unverified literal: 'Wera' — run discovery first
[pipeline] LEARN: rule added to session, retrying

[pipeline] cycle=2/3
[pipeline] SQL_PLAN: 1 queries
[pipeline] SECURITY gate blocked: [sec-002] Full table scan prohibited — add WHERE clause: SELECT DISTINCT brand FROM products LIMIT 100
[pipeline] LEARN: rule added to session, retrying

[pipeline] cycle=3/3
[pipeline] SQL_PLAN: 2 queries
[pipeline] SCHEMA gate blocked: unverified literal: 'Wera' — run discovery first
[pipeline] LEARN: rule added to session, retrying
[pipeline] All 3 cycles exhausted — clarification
[t07] Score: 0.00 | 97.0s | in 8,871 / out 861 tok | lookup | minimax-m2.7:cloud
  expected outcome OUTCOME_OK, got OUTCOME_NONE_CLARIFICATION
