
============================== Starting task: t08 ==============================
Do you have the Storage Bin and Organizer from Really Useful Box in the Really Useful Box Deep Really 1XD-S85 Storage Bin and Organizer line that has storage type storage bin and color family Black and has Bluetooth control in catalogue?
--------------------------------------------------------------------------------

[prephase] Starting pre-phase exploration
[prephase] read /AGENTS.MD: ok
[prephase] /bin/sql .schema: ok
[prephase] schema_digest: 4 tables
[prephase] done

[pipeline] cycle=1/3
[pipeline] SQL_PLAN: 3 queries
[pipeline] SCHEMA gate blocked: unverified literal: 'Really Useful Box' — run discovery first
[pipeline] LEARN: rule added to session, retrying

[pipeline] cycle=2/3
[pipeline] SQL_PLAN: 1 queries
[pipeline] EXECUTE: "SELECT DISTINCT brand FROM products WHERE brand ILIKE '%Real" → 
[pipeline] EXECUTE failed: Empty result set: 
[pipeline] LEARN: rule added to session, retrying

[pipeline] cycle=3/3
[pipeline] SQL_PLAN: 1 queries
[pipeline] EXECUTE: "SELECT DISTINCT brand FROM products WHERE brand ILIKE '%real" → 
[pipeline] EXECUTE failed: Empty result set: 
[pipeline] LEARN: rule added to session, retrying
[pipeline] All 3 cycles exhausted — clarification
[t08] Score: 0.00 | 78.2s | in 8,857 / out 892 tok | lookup | minimax-m2.7:cloud
  expected outcome OUTCOME_OK, got OUTCOME_NONE_CLARIFICATION
