
============================== Starting task: t09 ==============================
How many catalogue products are Tool Box and Bag? Answer with '<COUNT:n>' exactly.
--------------------------------------------------------------------------------

[prephase] Starting pre-phase exploration
[prephase] read /AGENTS.MD: ok
[prephase] /bin/sql .schema: ok
[prephase] schema_digest: 4 tables
[prephase] done

[pipeline] cycle=1/3
[pipeline] SQL_PLAN: 2 queries
[pipeline] SCHEMA gate blocked: unverified literal: 'Tool Box and Bag' — run discovery first

[pipeline] cycle=2/3
[pipeline] SQL_PLAN: 1 queries
[pipeline] EXECUTE: "SELECT DISTINCT name FROM categories WHERE name ILIKE '%Tool" → 
[pipeline] EXECUTE failed: Empty result set: 

[pipeline] cycle=3/3
[pipeline] SQL_PLAN: 1 queries
[pipeline] EXECUTE: "SELECT id, name FROM categories WHERE name ILIKE '%Tool Box%" → 
[pipeline] EXECUTE failed: Empty result set: 
[pipeline] LEARN: rule added to session, retrying
[pipeline] All 3 cycles exhausted — clarification
[t09] Score: 0.00 | 61.9s | in 8,094 / out 550 tok | lookup | minimax-m2.7:cloud
  expected outcome OUTCOME_OK, got OUTCOME_NONE_CLARIFICATION
