
============================== Starting task: t10 ==============================
How many catalogue products are Automotive Cleaner? Answer with '<COUNT:n>' exactly.
--------------------------------------------------------------------------------

[prephase] Starting pre-phase exploration
[prephase] read /AGENTS.MD: ok
[prephase] /bin/sql .schema: ok
[prephase] schema_digest: 4 tables
[prephase] done

[pipeline] cycle=1/3
[pipeline] SQL_PLAN: 3 queries
[pipeline] EXECUTE: "SELECT DISTINCT name FROM categories WHERE name ILIKE '%Auto" → 
[pipeline] EXECUTE: "SELECT DISTINCT name FROM product_kinds WHERE name ILIKE '%A" → 
[pipeline] EXECUTE: "SELECT COUNT(*) AS total FROM products WHERE name ILIKE '%Au" → 
[pipeline] EXECUTE failed: Empty result set: 
[pipeline] LEARN: rule added to session, retrying

[pipeline] cycle=2/3
[pipeline] SQL_PLAN: 2 queries
[pipeline] EXECUTE: "SELECT DISTINCT name FROM kinds WHERE name ILIKE '%Automotiv" → 
[pipeline] EXECUTE: "SELECT DISTINCT name FROM categories WHERE name ILIKE '%clea" → 
[pipeline] EXECUTE failed: Empty result set: 
[pipeline] LEARN: rule added to session, retrying

[pipeline] cycle=3/3
[pipeline] SQL_PLAN: 1 queries
[pipeline] EXECUTE: "SELECT DISTINCT name FROM kinds WHERE name ILIKE '%Automotiv" → 
[pipeline] EXECUTE failed: Empty result set: 
[pipeline] LEARN: rule added to session, retrying
[pipeline] All 3 cycles exhausted — clarification
[t10] Score: 0.00 | 110.2s | in 8,688 / out 722 tok | lookup | minimax-m2.7:cloud
  expected outcome OUTCOME_OK, got OUTCOME_NONE_CLARIFICATION
