
============================== Starting task: t11 ==============================
How many catalogue products are Trimmer and Blower? Answer with '<COUNT:n>' exactly.
--------------------------------------------------------------------------------

[prephase] Starting pre-phase exploration
[prephase] read /AGENTS.MD: ok
[prephase] /bin/sql .schema: ok
[prephase] schema_digest: 4 tables
[prephase] done

[pipeline] cycle=1/3
[pipeline] SQL_PLAN: 2 queries
[pipeline] EXECUTE: "SELECT DISTINCT name FROM kinds WHERE name ILIKE '%Trimmer%'" → 
[pipeline] EXECUTE: 'SELECT COUNT(*) AS total FROM products WHERE kind_id IN (SEL' → 
[pipeline] EXECUTE failed: Empty result set: 
[pipeline] LEARN: rule added to session, retrying

[pipeline] cycle=2/3
[pipeline] SQL_PLAN: 2 queries
[pipeline] SECURITY gate blocked: [sec-002] Full table scan prohibited — add WHERE clause: SELECT DISTINCT name FROM product_kinds LIMIT 100
[pipeline] LEARN: rule added to session, retrying

[pipeline] cycle=3/3
[pipeline] SQL_PLAN: 1 queries
[pipeline] EXECUTE: "SELECT DISTINCT name FROM product_kinds WHERE name LIKE '%Tr" → name
Trimmer and Blower

[pipeline] ANSWER: OUTCOME_OK — Count: 1
[t11] Score: 0.00 | 103.9s | in 10,368 / out 1,291 tok | lookup | minimax-m2.7:cloud
  Answer should contain '<COUNT:20>'
