
============================== Starting task: t13 ==============================
How many of these products have at least 1 items available in the Salzburg Elisabeth-Vorstadt hardware store today: the Cleaning Liquid from Ajax in the Ajax Eco Classic 25C-DXE Cleaning Liquid line that has cleaner type degreaser,the Wood and Drywall Screw from Heco in the Heco Zinc Plated TopFix GTU-YPJ Wood and Drywall Screw line that has screw type wood screw and diameter 3 mm,the Tool Box and Bag from Festool in the Festool Stackable SYS 3JJ-9LM Tool Box and Bag line that has storage type parts case,the Nut Bolt and Washer from Heco in the Heco Zinc Plated HECO 3DW-64B Nut Bolt and Washer line that has fastener type bolt and diameter 10 mm? Answer in exactly format "[QTY:%d]" (no quotes)
--------------------------------------------------------------------------------

[prephase] Starting pre-phase exploration
[prephase] read /AGENTS.MD: ok
[prephase] /bin/sql .schema: ok
[prephase] schema_digest: 4 tables
[prephase] done

[pipeline] cycle=1/3
[pipeline] SQL_PLAN: 4 queries
[pipeline] SCHEMA gate blocked: unverified literal: 'Ajax' — run discovery first
[pipeline] LEARN: rule added to session, retrying

[pipeline] cycle=2/3
[pipeline] SQL_PLAN: 4 queries
[pipeline] EXECUTE: "SELECT DISTINCT brand FROM products WHERE brand LIKE 'Ajax%'" → brand
Ajax

[pipeline] EXECUTE: "SELECT DISTINCT brand FROM products WHERE brand LIKE 'Heco%'" → brand
Heco

[pipeline] EXECUTE: "SELECT DISTINCT brand FROM products WHERE brand LIKE 'Festoo" → brand
Festool

[pipeline] EXECUTE: "SELECT id, name, city FROM stores WHERE city LIKE '%Salzburg" → 
[pipeline] EXECUTE failed: Empty result set: 

[pipeline] cycle=3/3
[pipeline] SQL_PLAN: 6 queries
[pipeline] SCHEMA gate blocked: unverified literal: 'Heco' — run discovery first
[pipeline] All 3 cycles exhausted — clarification
[t13] Score: 0.00 | 106.6s | in 8,775 / out 1,427 tok | lookup | minimax-m2.7:cloud
  answer missing required reference '/proc/catalog/FST-3SJKL8BF.json'
