
============================== Starting task: t14 ==============================
How many of these products have at least 4 items available in the Linz Hauptplatz PowerTool shop today: the Wood and Drywall Screw from Dresselhaus in the Dresselhaus Outdoor Pro 1VG-P5G Wood and Drywall Screw line that has screw type wood screw and diameter 8 mm,the Manual Garden Tool from Gardena in the Gardena Smart PowerMax 280-5FI Manual Garden Tool line that has tool type pressure sprayer,the Tool Box and Bag from Festool in the Festool Modular CTL XPW-76I Tool Box and Bag line that has storage type tool bag and color family Black,the Work Trousers from Engelbert Strauss in the Engelbert Strauss Classic e.s. 37H-N9K Work Trousers line that has color family Blue,the Work Gloves from Portwest in the Portwest PW3 DX 3TU-ST2 Work Gloves line that has size M,the Pipe Fitting from Viega in the Viega Professional Sanpress 2OG-ENN Pipe Fitting line that has fitting type compression coupler and diameter 12 mm? Answer in exactly format "%d" (no quotes)
--------------------------------------------------------------------------------

[prephase] Starting pre-phase exploration
[prephase] read /AGENTS.MD: ok
[prephase] /bin/sql .schema: ok
[prephase] schema_digest: 4 tables
[prephase] done

[pipeline] cycle=1/3
[pipeline] SQL_PLAN: 1 queries
[pipeline] EXECUTE: "SELECT store_id, name FROM stores WHERE name LIKE '%Linz%Hau" → 
[pipeline] EXECUTE failed: Empty result set: 
[pipeline] LEARN: rule added to session, retrying

[pipeline] cycle=2/3
[pipeline] SQL_PLAN: 12 queries
[pipeline] SECURITY gate blocked: [sec-002] Full table scan prohibited — add WHERE clause: SELECT store_id, name FROM stores LIMIT 50
[pipeline] LEARN: rule added to session, retrying

[pipeline] cycle=3/3
[pipeline] SQL_PLAN: 1 queries
[pipeline] EXECUTE: "SELECT store_id, name FROM stores WHERE name LIKE '%Linz%Hau" → 
[pipeline] EXECUTE failed: Empty result set: 
[pipeline] LEARN: rule added to session, retrying
[pipeline] All 3 cycles exhausted — clarification
[t14] Score: 0.00 | 115.0s | in 8,980 / out 1,660 tok | lookup | minimax-m2.7:cloud
  answer missing required reference '/proc/catalog/Portwest/SFE-1WT01OHC.json'
