
============================== Starting task: t15 ==============================
How many of these products have at least 3 items available in the Salzburg Elisabeth-Vorstadt hardware store today: the Screwdriver and Hex Key Set from Wera in the Wera Kraftform WE 114-C1B Screwdriver and Hex Key Set line that has tool profile pozidriv and piece count 10 pcs,the Wall Paint from Sikkens in the Sikkens Professional Rubbol 1EP-LF5 Wall Paint line that has color family Yellow and finish satin,the Wiring Device from Legrand in the Legrand Valena Plexo 2UK-M0J Wiring Device line that has device type cable tie, color family Black, and ip rating IP20,the Compressor and Dust Extractor from Bernardo in the Bernardo Silent BM 3OB-CQO Compressor and Dust Extractor line that has machine type compressor, voltage 400 V, and power 1500 W,the Hammer Measuring and Cutting Tool from Gedore in the Gedore Red GED 1CA-RS0 Hammer Measuring and Cutting Tool line that has tool type spirit level,the Anchor and Wall Plug from Rawlplug in the Rawlplug Pro Pack UNO 3FA-C1B Anchor and Wall Plug line that has anchor type concrete anchor and diameter 8 mm? Answer in exactly format "[QTY:%d]" (no quotes)
--------------------------------------------------------------------------------

[prephase] Starting pre-phase exploration
[prephase] read /AGENTS.MD: ok
[prephase] /bin/sql .schema: ok
[prephase] schema_digest: 4 tables
[prephase] done

[pipeline] cycle=1/3
[pipeline] SQL_PLAN: 1 queries
[pipeline] SCHEMA gate blocked: unverified literal: 'Salzburg' — run discovery first

[pipeline] cycle=2/3
[pipeline] SQL_PLAN: 0 queries
[pipeline] EXECUTE failed: Empty result set: 
[pipeline] LEARN: rule added to session, retrying

[pipeline] cycle=3/3
[pipeline] SQL_PLAN: 7 queries
[pipeline] SCHEMA gate blocked: unverified literal: 'Salzburg' — run discovery first
[pipeline] All 3 cycles exhausted — clarification
[t15] Score: 0.00 | 104.8s | in 8,957 / out 1,323 tok | lookup | minimax-m2.7:cloud
  answer missing required reference '/proc/catalog/workshop_machines/compressors_extractors/MAC-13HJJVIB.json'
