
============================== Starting task: t17 ==============================
I'll be in Graz today and need to buy as many items of product (the Tool Box and Bag from Festool in the Festool Stackable SYS 3JJ-9LM Tool Box and Bag line that has storage type tool bag) as possible (except the Lend district PowerTool store). How many can I buy?
--------------------------------------------------------------------------------

[prephase] Starting pre-phase exploration
[prephase] read /AGENTS.MD: ok
[prephase] /bin/sql .schema: ok
[prephase] schema_digest: 4 tables
[prephase] done

[pipeline] cycle=1/3
[pipeline] SQL_PLAN: 3 queries
[pipeline] SCHEMA gate blocked: unverified literal: 'Festool' — run discovery first
[pipeline] LEARN: rule added to session, retrying

[pipeline] cycle=2/3
[pipeline] SQL_PLAN: 4 queries
[pipeline] SCHEMA gate blocked: unverified literal: 'Festool' — run discovery first

[pipeline] cycle=3/3
[pipeline] SQL_PLAN: 6 queries
[pipeline] SCHEMA gate blocked: unverified literal: 'Festool' — run discovery first
[pipeline] LEARN: rule added to session, retrying
[pipeline] All 3 cycles exhausted — clarification
[t17] Score: 0.00 | 92.2s | in 8,800 / out 1,183 tok | lookup | minimax-m2.7:cloud
  answer missing required reference '/proc/stores/store_graz_jakomini.json'
