
============================== Starting task: t18 ==============================
I'll be in Graz today and need to buy as many items of product (the Sealant from Sika in the Sika Professional Sika 28T-UV8 Sealant line that has sealant type silicone sealant and color family Clear) as possible (except Graz Jakomini hardware branch). How many can I buy?
--------------------------------------------------------------------------------

[prephase] Starting pre-phase exploration
[prephase] read /AGENTS.MD: ok
[prephase] /bin/sql .schema: ok
[prephase] schema_digest: 4 tables
[prephase] done

[pipeline] cycle=1/3
[pipeline] SQL_PLAN: 2 queries
[pipeline] SCHEMA gate blocked: unverified literal: 'Graz' — run discovery first
[pipeline] LEARN: rule added to session, retrying

[pipeline] cycle=2/3
[pipeline] SQL_PLAN: 3 queries
[pipeline] SCHEMA gate blocked: unverified literal: 'Sika' — run discovery first
[pipeline] LEARN: rule added to session, retrying

[pipeline] cycle=3/3
[pipeline] SQL_PLAN: 2 queries
[pipeline] SCHEMA gate blocked: unverified literal: 'Sika' — run discovery first
[pipeline] LEARN: rule added to session, retrying
[pipeline] All 3 cycles exhausted — clarification
[t18] Score: 0.00 | 86.0s | in 8,389 / out 990 tok | lookup | minimax-m2.7:cloud
  answer missing required reference '/proc/stores/store_graz_lend.json'
