
============================== Starting task: t19 ==============================
I'll be in Graz today and need to buy as many items of product (the Respiratory Protection from Honeywell in the Honeywell Pro HW 2GM-UMP Respiratory Protection line that has mask type dust mask and protection class basic) as possible (except the central Graz PowerTool shop). How many can I buy?
--------------------------------------------------------------------------------

[prephase] Starting pre-phase exploration
[prephase] read /AGENTS.MD: ok
[prephase] /bin/sql .schema: ok
[prephase] schema_digest: 4 tables
[prephase] done

[pipeline] cycle=1/3
[pipeline] SQL_PLAN: 3 queries
[pipeline] SCHEMA gate blocked: unverified literal: 'Honeywell' — run discovery first
[pipeline] LEARN: rule added to session, retrying

[pipeline] cycle=2/3
[pipeline] SQL_PLAN: 6 queries
[pipeline] SCHEMA gate blocked: unverified literal: 'Honeywell' — run discovery first
[pipeline] LEARN: rule added to session, retrying

[pipeline] cycle=3/3
[pipeline] SQL_PLAN: 3 queries
[pipeline] SCHEMA gate blocked: unverified literal: 'Honeywell' — run discovery first
[pipeline] All 3 cycles exhausted — clarification
[t19] Score: 0.00 | 85.3s | in 8,454 / out 1,083 tok | lookup | minimax-m2.7:cloud
  answer missing required reference '/proc/stores/store_graz_lend.json'
