
============================== Starting task: t20 ==============================
I'll be in Vienna today and need to buy as many items of product (the Sealant from Sika in the Sika Crystal SikaBond 3QI-6JK Sealant line that has sealant type silicone sealant, color family White, and volume 280 ml) as possible (except Vienna Praterstern hardware store). How many can I buy?
--------------------------------------------------------------------------------

[prephase] Starting pre-phase exploration
[prephase] read /AGENTS.MD: ok
[prephase] /bin/sql .schema: ok
[prephase] schema_digest: 4 tables
[prephase] done

[pipeline] cycle=1/3
[pipeline] SQL_PLAN: 4 queries
[pipeline] SCHEMA gate blocked: unverified literal: 'Sika' — run discovery first
[pipeline] LEARN: rule added to session, retrying

[pipeline] cycle=2/3
[pipeline] SQL_PLAN: 3 queries
[pipeline] SCHEMA gate blocked: unverified literal: 'Sika' — run discovery first

[pipeline] cycle=3/3
[pipeline] SQL_PLAN: 3 queries
[pipeline] SCHEMA gate blocked: unverified literal: 'Sika' — run discovery first
[pipeline] LEARN: rule added to session, retrying
[pipeline] All 3 cycles exhausted — clarification
[t20] Score: 0.00 | 76.5s | in 8,384 / out 1,211 tok | lookup | minimax-m2.7:cloud
  answer missing required reference '/proc/stores/store_vienna_meidling.json'
